<?xml version="1.0" encoding="UTF-8"?>
<!-- Generated by org.testng.reporters.JUnitReportReporter -->
<testsuite hostname="DESKTOP-DD3GB8N" failures="0" tests="1" name="mylearn7.ExcelWrite" time="0.774" errors="0" timestamp="2019-11-19T23:56:02 IST" skipped="0">
  <testcase classname="mylearn7.ExcelWrite" name="excelWrite" time="0.774"/>
</testsuite> <!-- mylearn7.ExcelWrite -->
