<?xml version="1.0" encoding="UTF-8"?>
<!-- Generated by org.testng.reporters.JUnitReportReporter -->
<testsuite hostname="DESKTOP-DD3GB8N" failures="0" tests="1" name="mylearn7.ExcelHomeWork" time="28.980" errors="0" timestamp="2019-11-23T20:16:42 IST" skipped="0">
  <testcase classname="mylearn7.ExcelHomeWork" name="Exceldata" time="28.980"/>
</testsuite> <!-- mylearn7.ExcelHomeWork -->
